<?xml version="1.0" encoding="UTF-8"?>
<!-- Generated by org.testng.reporters.JUnitXMLReporter -->
<testsuite ignored="2" hostname="DESKTOP-7SJ24SJ" failures="5" tests="6" name="Surefire test" time="14.367" errors="0" timestamp="2024-03-13T13:54:14 EET">
  <testcase classname="testRunner.TestRunner" name="runTestSuite" time="12.785"/>
  <testcase classname="testSuite.TestInteractWithInputAndButtonFieldsSuite" name="InteractWithButtonPage" time="0.0">
    <failure type="java.lang.NullPointerException">
      <![CDATA[java.lang.NullPointerException
at pages.InteractWithInputAndButtonFieldsPage.open(InteractWithInputAndButtonFieldsPage.java:22)
at testSuite.TestInteractWithInputAndButtonFieldsSuite.InteractWithButtonPage(TestInteractWithInputAndButtonFieldsSuite.java:58)
at java.base/java.util.ArrayList.forEach(ArrayList.java:1541)
... Removed 32 stack frames]]>
    </failure>
  </testcase> <!-- InteractWithButtonPage -->
  <testcase classname="testSuite.TestInteractWithInputAndButtonFieldsSuite" name="InteractWithInputPage" time="0.001">
    <failure type="java.lang.NullPointerException">
      <![CDATA[java.lang.NullPointerException
at pages.InteractWithInputAndButtonFieldsPage.open(InteractWithInputAndButtonFieldsPage.java:22)
at testSuite.TestInteractWithInputAndButtonFieldsSuite.InteractWithInputPage(TestInteractWithInputAndButtonFieldsSuite.java:37)
at java.base/java.util.ArrayList.forEach(ArrayList.java:1541)
... Removed 32 stack frames]]>
    </failure>
  </testcase> <!-- InteractWithInputPage -->
  <testcase classname="testSuite.TestInteractWithInputAndButtonFieldsSuite" name="openButtonPage" time="0.0">
    <failure type="java.lang.NullPointerException">
      <![CDATA[java.lang.NullPointerException
at pages.InteractWithInputAndButtonFieldsPage.open(InteractWithInputAndButtonFieldsPage.java:22)
at testSuite.TestInteractWithInputAndButtonFieldsSuite.openButtonPage(TestInteractWithInputAndButtonFieldsSuite.java:50)
at java.base/java.util.ArrayList.forEach(ArrayList.java:1541)
... Removed 32 stack frames]]>
    </failure>
  </testcase> <!-- openButtonPage -->
  <testcase classname="testSuite.TestInteractWithInputAndButtonFieldsSuite" name="openInputPage" time="0.0">
    <failure type="java.lang.NullPointerException">
      <![CDATA[java.lang.NullPointerException
at pages.InteractWithInputAndButtonFieldsPage.open(InteractWithInputAndButtonFieldsPage.java:22)
at testSuite.TestInteractWithInputAndButtonFieldsSuite.openInputPage(TestInteractWithInputAndButtonFieldsSuite.java:29)
at java.base/java.util.ArrayList.forEach(ArrayList.java:1541)
... Removed 32 stack frames]]>
    </failure>
  </testcase> <!-- openInputPage -->
  <testcase classname="testSuite.TestInteractWithInputAndButtonFieldsSuite" name="openLetCodePage" time="0.0">
    <failure type="java.lang.NullPointerException">
      <![CDATA[java.lang.NullPointerException
at pages.InteractWithInputAndButtonFieldsPage.open(InteractWithInputAndButtonFieldsPage.java:22)
at testSuite.TestInteractWithInputAndButtonFieldsSuite.openLetCodePage(TestInteractWithInputAndButtonFieldsSuite.java:23)
at java.base/java.util.ArrayList.forEach(ArrayList.java:1541)
... Removed 32 stack frames]]>
    </failure>
  </testcase> <!-- openLetCodePage -->
  <testcase classname="BaseTest.BaseTest" name="@BeforeTest beforeTest" time="0.0">
    <ignored/>
  </testcase> <!-- @BeforeTest beforeTest -->
  <testcase classname="BaseTest.BaseTest" name="@AfterTest shutsDownTheBrowser" time="0.0">
    <ignored/>
  </testcase> <!-- @AfterTest shutsDownTheBrowser -->
</testsuite> <!-- Surefire test -->
