<?xml version="1.0" encoding="UTF-8"?>
<testsuite xmlns:xsi="http://www.w3.org/2001/XMLSchema-instance" xsi:noNamespaceSchemaLocation="https://maven.apache.org/surefire/maven-surefire-plugin/xsd/surefire-test-report-3.0.xsd" version="3.0" name="TestSuite" time="15.239" tests="6" errors="0" skipped="0" failures="5">
  <properties>
[...]
</properties>
  <testcase name="runTestSuite" classname="testRunner.TestRunner" time="12.786">
    <system-out><![CDATA[rgba(138, 77, 118, 1)
ortonikc
true

===============================================
Command line suite
Total tests run: 5, Passes: 5, Failures: 0, Skips: 0
===============================================

]]></system-out>
    <system-err><![CDATA[SLF4J(W): No SLF4J providers were found.
SLF4J(W): Defaulting to no-operation (NOP) logger implementation
SLF4J(W): See https://www.slf4j.org/codes.html#noProviders for further details.
SLF4J(W): Class path contains SLF4J bindings targeting slf4j-api versions 1.7.x or earlier.
SLF4J(W): Ignoring binding found at [jar:file:/C:/Users/Sergey/.m2/repository/org/slf4j/slf4j-simple/1.7.21/slf4j-simple-1.7.21.jar!/org/slf4j/impl/StaticLoggerBinder.class]
SLF4J(W): Ignoring binding found at [jar:file:/C:/Users/Sergey/.m2/repository/org/slf4j/slf4j-log4j12/1.7.25/slf4j-log4j12-1.7.25.jar!/org/slf4j/impl/StaticLoggerBinder.class]
SLF4J(W): See https://www.slf4j.org/codes.html#ignoredBindings for an explanation.
Starting ChromeDriver 122.0.6261.111 (9d4c1072da62b411b351a38b9ed6214ab236aa7b-refs/branch-heads/6261@{#1015}) on port 53441
Only local connections are allowed.
Please see https://chromedriver.chromium.org/security-considerations for suggestions on keeping ChromeDriver safe.
ChromeDriver was started successfully.
Mar 13, 2024 1:54:01 PM org.openqa.selenium.remote.ProtocolHandshake createSession
INFO: Detected dialect: W3C
Starting ChromeDriver 122.0.6261.111 (9d4c1072da62b411b351a38b9ed6214ab236aa7b-refs/branch-heads/6261@{#1015}) on port 6036
Only local connections are allowed.
Please see https://chromedriver.chromium.org/security-considerations for suggestions on keeping ChromeDriver safe.
ChromeDriver was started successfully.
Mar 13, 2024 1:54:02 PM org.openqa.selenium.remote.ProtocolHandshake createSession
INFO: Detected dialect: W3C
]]></system-err>
  </testcase>
  <testcase name="InteractWithButtonPage" classname="testSuite.TestInteractWithInputAndButtonFieldsSuite" time="0">
    <failure type="java.lang.NullPointerException"><![CDATA[java.lang.NullPointerException
	at testSuite.TestInteractWithInputAndButtonFieldsSuite.InteractWithButtonPage(TestInteractWithInputAndButtonFieldsSuite.java:58)
]]></failure>
  </testcase>
  <testcase name="InteractWithInputPage" classname="testSuite.TestInteractWithInputAndButtonFieldsSuite" time="0">
    <failure type="java.lang.NullPointerException"><![CDATA[java.lang.NullPointerException
	at testSuite.TestInteractWithInputAndButtonFieldsSuite.InteractWithInputPage(TestInteractWithInputAndButtonFieldsSuite.java:37)
]]></failure>
  </testcase>
  <testcase name="openButtonPage" classname="testSuite.TestInteractWithInputAndButtonFieldsSuite" time="0">
    <failure type="java.lang.NullPointerException"><![CDATA[java.lang.NullPointerException
	at testSuite.TestInteractWithInputAndButtonFieldsSuite.openButtonPage(TestInteractWithInputAndButtonFieldsSuite.java:50)
]]></failure>
  </testcase>
  <testcase name="openInputPage" classname="testSuite.TestInteractWithInputAndButtonFieldsSuite" time="0">
    <failure type="java.lang.NullPointerException"><![CDATA[java.lang.NullPointerException
	at testSuite.TestInteractWithInputAndButtonFieldsSuite.openInputPage(TestInteractWithInputAndButtonFieldsSuite.java:29)
]]></failure>
  </testcase>
  <testcase name="openLetCodePage" classname="testSuite.TestInteractWithInputAndButtonFieldsSuite" time="0">
    <failure type="java.lang.NullPointerException"><![CDATA[java.lang.NullPointerException
	at testSuite.TestInteractWithInputAndButtonFieldsSuite.openLetCodePage(TestInteractWithInputAndButtonFieldsSuite.java:23)
]]></failure>
  </testcase>
</testsuite>