<?xml version="1.0" encoding="UTF-8"?>
<!-- Generated by org.testng.reporters.JUnitXMLReporter -->
<testsuite ignored="0" hostname="DESKTOP-7SJ24SJ" failures="0" tests="5" name="Command line test" time="12.655" errors="0" timestamp="2024-03-13T13:54:14 EET">
  <testcase classname="testSuite.TestInteractWithInputAndButtonFieldsSuite" name="InteractWithButtonPage" time="5.101"/>
  <testcase classname="testSuite.TestInteractWithInputAndButtonFieldsSuite" name="InteractWithInputPage" time="2.339"/>
  <testcase classname="testSuite.TestInteractWithInputAndButtonFieldsSuite" name="openButtonPage" time="1.572"/>
  <testcase classname="testSuite.TestInteractWithInputAndButtonFieldsSuite" name="openInputPage" time="1.419"/>
  <testcase classname="testSuite.TestInteractWithInputAndButtonFieldsSuite" name="openLetCodePage" time="1.284"/>
</testsuite> <!-- Command line test -->
