<?xml version="1.0" encoding="UTF-8"?>
<!-- Generated by org.testng.reporters.JUnitXMLReporter -->
<testsuite ignored="0" hostname="DESKTOP-7SJ24SJ" failures="0" tests="5" name="Chrome Tests" time="12.746" errors="0" timestamp="2024-03-13T13:20:46 EET">
  <testcase classname="testSuite.TestInteractWithInputAndButtonFieldsSuite" name="InteractWithButtonPage" time="4.039"/>
  <testcase classname="testSuite.TestInteractWithInputAndButtonFieldsSuite" name="InteractWithInputPage" time="2.131"/>
  <testcase classname="testSuite.TestInteractWithInputAndButtonFieldsSuite" name="openButtonPage" time="1.563"/>
  <testcase classname="testSuite.TestInteractWithInputAndButtonFieldsSuite" name="openInputPage" time="2.122"/>
  <testcase classname="testSuite.TestInteractWithInputAndButtonFieldsSuite" name="openLetCodePage" time="1.3"/>
</testsuite> <!-- Chrome Tests -->
