<?xml version="1.0" encoding="UTF-8"?>
<!-- Generated by org.testng.reporters.JUnitXMLReporter -->
<testsuite ignored="0" hostname="DESKTOP-7SJ24SJ" failures="0" tests="5" name="Firefox Tests" time="16.542" errors="0" timestamp="2024-03-13T13:21:03 EET">
  <testcase classname="testSuite.TestInteractWithInputAndButtonFieldsSuite" name="InteractWithButtonPage" time="4.141"/>
  <testcase classname="testSuite.TestInteractWithInputAndButtonFieldsSuite" name="InteractWithInputPage" time="1.615"/>
  <testcase classname="testSuite.TestInteractWithInputAndButtonFieldsSuite" name="openButtonPage" time="1.966"/>
  <testcase classname="testSuite.TestInteractWithInputAndButtonFieldsSuite" name="openInputPage" time="2.022"/>
  <testcase classname="testSuite.TestInteractWithInputAndButtonFieldsSuite" name="openLetCodePage" time="1.925"/>
</testsuite> <!-- Firefox Tests -->
